<?xml version="1.0" encoding="UTF-8"?>
<testsuite name="BandTest" tests="5" skipped="0" failures="0" errors="0" timestamp="2016-05-13T18:58:04" hostname="epicodus-41.local" time="0.161">
  <properties/>
  <testcase name="save_savesObjectIntoDatabase_true" classname="BandTest" time="0.131"/>
  <testcase name="all_emptyAtFirst_0" classname="BandTest" time="0.011"/>
  <testcase name="getName_bandInstantiatesWithName_String" classname="BandTest" time="0.006"/>
  <testcase name="equals_returnsTrueIfNamesAretheSame_true" classname="BandTest" time="0.006"/>
  <testcase name="Band_instantiatesCorrectly_true" classname="BandTest" time="0.006"/>
  <system-out><![CDATA[]]></system-out>
  <system-err><![CDATA[]]></system-err>
</testsuite>
