<?xml version="1.0" encoding="UTF-8"?>
<testsuite name="BandTest" tests="9" skipped="0" failures="0" errors="0" timestamp="2016-05-13T19:14:52" hostname="epicodus-41.local" time="0.235">
  <properties/>
  <testcase name="save_savesObjectIntoDatabase_true" classname="BandTest" time="0.129"/>
  <testcase name="all_emptyAtFirst_0" classname="BandTest" time="0.011"/>
  <testcase name="getName_bandInstantiatesWithName_String" classname="BandTest" time="0.007"/>
  <testcase name="find_findsBandInDatabase_true" classname="BandTest" time="0.017"/>
  <testcase name="save_assignsIdToObject_int" classname="BandTest" time="0.016"/>
  <testcase name="equals_returnsTrueIfNamesAretheSame_true" classname="BandTest" time="0.006"/>
  <testcase name="delete_deletesBand_true" classname="BandTest" time="0.022"/>
  <testcase name="update_updatesBandName_true" classname="BandTest" time="0.02"/>
  <testcase name="Band_instantiatesCorrectly_true" classname="BandTest" time="0.006"/>
  <system-out><![CDATA[]]></system-out>
  <system-err><![CDATA[]]></system-err>
</testsuite>
