<?xml version="1.0" encoding="UTF-8"?>
<testsuite name="BandTest" tests="12" skipped="0" failures="0" errors="0" timestamp="2016-05-13T23:21:13" hostname="epicodus-41.local" time="0.185">
  <properties/>
  <testcase name="save_savesObjectIntoDatabase_true" classname="BandTest" time="0.013"/>
  <testcase name="delete_deletesAllBandAndVenueAssociations" classname="BandTest" time="0.027"/>
  <testcase name="all_emptyAtFirst_0" classname="BandTest" time="0.009"/>
  <testcase name="getName_bandInstantiatesWithName_String" classname="BandTest" time="0.006"/>
  <testcase name="find_findsBandInDatabase_true" classname="BandTest" time="0.014"/>
  <testcase name="save_assignsIdToObject_int" classname="BandTest" time="0.014"/>
  <testcase name="equals_returnsTrueIfNamesAretheSame_true" classname="BandTest" time="0.007"/>
  <testcase name="addVenue_addsVenueToBand" classname="BandTest" time="0.026"/>
  <testcase name="delete_deletesBand_true" classname="BandTest" time="0.021"/>
  <testcase name="update_updatesBandName_true" classname="BandTest" time="0.019"/>
  <testcase name="Band_instantiatesCorrectly_true" classname="BandTest" time="0.005"/>
  <testcase name="getVenues_returnsAllVenues_List" classname="BandTest" time="0.023"/>
  <system-out><![CDATA[]]></system-out>
  <system-err><![CDATA[]]></system-err>
</testsuite>
