<?xml version="1.0" encoding="UTF-8"?>
<testsuite name="BandTest" tests="12" skipped="0" failures="0" errors="0" timestamp="2016-05-19T23:27:48" hostname="epicodus-39.local" time="0.16">
  <properties/>
  <testcase name="save_savesObjectIntoDatabase_true" classname="BandTest" time="0.012"/>
  <testcase name="delete_deletesAllBandAndVenueAssociations" classname="BandTest" time="0.026"/>
  <testcase name="all_emptyAtFirst_0" classname="BandTest" time="0.008"/>
  <testcase name="getName_bandInstantiatesWithName_String" classname="BandTest" time="0.004"/>
  <testcase name="find_findsBandInDatabase_true" classname="BandTest" time="0.013"/>
  <testcase name="save_assignsIdToObject_int" classname="BandTest" time="0.013"/>
  <testcase name="equals_returnsTrueIfNamesAretheSame_true" classname="BandTest" time="0.004"/>
  <testcase name="addVenue_addsVenueToBand" classname="BandTest" time="0.021"/>
  <testcase name="delete_deletesBand_true" classname="BandTest" time="0.016"/>
  <testcase name="update_updatesBandName_true" classname="BandTest" time="0.016"/>
  <testcase name="Band_instantiatesCorrectly_true" classname="BandTest" time="0.004"/>
  <testcase name="getVenues_returnsAllVenues_List" classname="BandTest" time="0.02"/>
  <system-out><![CDATA[]]></system-out>
  <system-err><![CDATA[]]></system-err>
</testsuite>
