<?xml version="1.0" encoding="UTF-8"?>
<testsuite name="VenueTest" tests="7" skipped="0" failures="0" errors="0" timestamp="2016-05-19T05:03:20" hostname="IanL.local" time="0.086">
  <properties/>
  <testcase name="save_savesObjectIntoDatabase_true" classname="VenueTest" time="0.014"/>
  <testcase name="all_emptyAtFirst_0" classname="VenueTest" time="0.009"/>
  <testcase name="find_findVenueInDatabase_true" classname="VenueTest" time="0.031"/>
  <testcase name="Venue_instantiatesCorrectly_true" classname="VenueTest" time="0.005"/>
  <testcase name="save_assignsIdToObject_int" classname="VenueTest" time="0.015"/>
  <testcase name="equals_returnsTrueIfNamesAretheSame_true" classname="VenueTest" time="0.005"/>
  <testcase name="getName_venueInstantiatesWithName_String" classname="VenueTest" time="0.004"/>
  <system-out><![CDATA[]]></system-out>
  <system-err><![CDATA[]]></system-err>
</testsuite>
