<?xml version="1.0" encoding="UTF-8"?>
<testsuite name="VenueTest" tests="8" skipped="0" failures="0" errors="0" timestamp="2016-05-19T23:27:48" hostname="epicodus-39.local" time="0.079">
  <properties/>
  <testcase name="save_savesObjectIntoDatabase_true" classname="VenueTest" time="0.012"/>
  <testcase name="all_emptyAtFirst_0" classname="VenueTest" time="0.007"/>
  <testcase name="find_findVenueInDatabase_true" classname="VenueTest" time="0.012"/>
  <testcase name="Venue_instantiatesCorrectly_true" classname="VenueTest" time="0.004"/>
  <testcase name="getBands_returnsAllBands_List" classname="VenueTest" time="0.022"/>
  <testcase name="save_assignsIdToObject_int" classname="VenueTest" time="0.012"/>
  <testcase name="equals_returnsTrueIfNamesAretheSame_true" classname="VenueTest" time="0.004"/>
  <testcase name="getName_venueInstantiatesWithName_String" classname="VenueTest" time="0.005"/>
  <system-out><![CDATA[]]></system-out>
  <system-err><![CDATA[]]></system-err>
</testsuite>
